#
# There is insufficient memory for the Java Runtime Environment to continue.
# Native memory allocation (malloc) failed to allocate 1048576 bytes for AllocateHeap
# Possible reasons:
#   The system is out of physical RAM or swap space
#   In 32 bit mode, the process size limit was hit
# Possible solutions:
#   Reduce memory load on the system
#   Increase physical memory or swap space
#   Check if swap backing store is full
#   Use 64 bit Java on a 64 bit OS
#   Decrease Java heap size (-Xmx/-Xms)
#   Decrease number of Java threads
#   Decrease Java thread stack sizes (-Xss)
#   Set larger code cache with -XX:ReservedCodeCacheSize=
# This output file may be truncated or incomplete.
#
#  Out of Memory Error (memory/allocation.inline.hpp:61), pid=12368, tid=12588
#
# JRE version:  (7.0_80-b15) (build )
# Java VM: Java HotSpot(TM) 64-Bit Server VM (24.80-b11 mixed mode windows-amd64 compressed oops)
# Failed to write core dump. Minidumps are not enabled by default on client versions of Windows
#

---------------  T H R E A D  ---------------

Current thread (0x0000000002ba0800):  JavaThread "Unknown thread" [_thread_in_vm, id=12588, stack(0x0000000002a40000,0x0000000002b40000)]

Stack: [0x0000000002a40000,0x0000000002b40000]
[error occurred during error reporting (printing stack bounds), id 0xc0000005]


---------------  P R O C E S S  ---------------

Java Threads: ( => current thread )

Other Threads:

=>0x0000000002ba0800 (exited) JavaThread "Unknown thread" [_thread_in_vm, id=12588, stack(0x0000000002a40000,0x0000000002b40000)]

VM state:not at safepoint (normal execution)

VM Mutex/Monitor currently owned by a thread: None

Heap
 PSYoungGen      total 18944K, used 327K [0x00000000eb400000, 0x00000000ec900000, 0x0000000100000000)
  eden space 16384K, 2% used [0x00000000eb400000,0x00000000eb451f10,0x00000000ec400000)
  from space 2560K, 0% used [0x00000000ec680000,0x00000000ec680000,0x00000000ec900000)
  to   space 2560K, 0% used [0x00000000ec400000,0x00000000ec400000,0x00000000ec680000)
 ParOldGen       total 42496K, used 0K [0x00000000c1c00000, 0x00000000c4580000, 0x00000000eb400000)
  object space 42496K, 0% used [0x00000000c1c00000,0x00000000c1c00000,0x00000000c4580000)
 PSPermGen       total 21504K, used 697K [0x00000000bca00000, 0x00000000bdf00000, 0x00000000c1c00000)
  object space 21504K, 3% used [0x00000000bca00000,0x00000000bcaae5c8,0x00000000bdf00000)

Card table byte_map: [0x0000000005d60000,0x0000000005f80000] byte_map_base: 0x000000000577b000

Polling page: 0x0000000000c70000

Code Cache  [0x0000000002ca0000, 0x0000000002f10000, 0x0000000005ca0000)
 total_blobs=38 nmethods=0 adapters=20 free_code_cache=48889Kb largest_free_block=50062528

Compilation events (0 events):
No events

GC Heap History (0 events):
No events

Deoptimization events (0 events):
No events

Internal exceptions (0 events):
No events

Events (10 events):
Event: 0.015 loading class 0x0000000002bef7e0
Event: 0.015 loading class 0x0000000002bef7e0 done
Event: 0.015 loading class 0x0000000002bef830
Event: 0.015 loading class 0x0000000002bef830 done
Event: 0.015 loading class 0x0000000002bef880
Event: 0.015 loading class 0x0000000002bef880 done
Event: 0.015 loading class 0x0000000002bf0600
Event: 0.015 loading class 0x0000000002bf0600 done
Event: 0.015 loading class 0x0000000002bf0220
Event: 0.015 loading class 0x0000000002bf0220 done


Dynamic libraries:
0x00007ff6d51a0000 - 0x00007ff6d51d3000 	C:\Program Files\Java\jdk1.7.0_80\bin\java.exe
0x00007ffe310b0000 - 0x00007ffe312a5000 	C:\Windows\SYSTEM32\ntdll.dll
0x00007ffe30fb0000 - 0x00007ffe3106e000 	C:\Windows\System32\KERNEL32.DLL
0x00007ffe2ed30000 - 0x00007ffe2eff8000 	C:\Windows\System32\KERNELBASE.dll
0x00007ffe2f4d0000 - 0x00007ffe2f57e000 	C:\Windows\System32\ADVAPI32.dll
0x00007ffe30700000 - 0x00007ffe3079e000 	C:\Windows\System32\msvcrt.dll
0x00007ffe2f100000 - 0x00007ffe2f19c000 	C:\Windows\System32\sechost.dll
0x00007ffe2f6d0000 - 0x00007ffe2f7f5000 	C:\Windows\System32\RPCRT4.dll
0x00007ffe2fb70000 - 0x00007ffe2fd10000 	C:\Windows\System32\USER32.dll
0x00007ffe2e7c0000 - 0x00007ffe2e7e2000 	C:\Windows\System32\win32u.dll
0x00007ffe306d0000 - 0x00007ffe306fb000 	C:\Windows\System32\GDI32.dll
0x00007ffe2e970000 - 0x00007ffe2ea7d000 	C:\Windows\System32\gdi32full.dll
0x00007ffe2ea80000 - 0x00007ffe2eb1d000 	C:\Windows\System32\msvcp_win.dll
0x00007ffe2f000000 - 0x00007ffe2f100000 	C:\Windows\System32\ucrtbase.dll
0x00007ffe19060000 - 0x00007ffe192fa000 	C:\Windows\WinSxS\amd64_microsoft.windows.common-controls_6595b64144ccf1df_6.0.19041.1110_none_60b5254171f9507e\COMCTL32.dll
0x00007ffe30f80000 - 0x00007ffe30fb0000 	C:\Windows\System32\IMM32.DLL
0x000000005b400000 - 0x000000005b4d2000 	C:\Program Files\Java\jdk1.7.0_80\jre\bin\msvcr100.dll
0x000000005a7b0000 - 0x000000005af89000 	C:\Program Files\Java\jdk1.7.0_80\jre\bin\server\jvm.dll
0x00007ffe2f580000 - 0x00007ffe2f588000 	C:\Windows\System32\PSAPI.DLL
0x00007ffe18630000 - 0x00007ffe18657000 	C:\Windows\SYSTEM32\WINMM.dll
0x00007ffe2a5c0000 - 0x00007ffe2a5c9000 	C:\Windows\SYSTEM32\WSOCK32.dll
0x00007ffe2f800000 - 0x00007ffe2f86b000 	C:\Windows\System32\WS2_32.dll
0x000000005b3b0000 - 0x000000005b3bf000 	C:\Program Files\Java\jdk1.7.0_80\jre\bin\verify.dll
0x000000005b380000 - 0x000000005b3a8000 	C:\Program Files\Java\jdk1.7.0_80\jre\bin\java.dll
0x000000005b360000 - 0x000000005b376000 	C:\Program Files\Java\jdk1.7.0_80\jre\bin\zip.dll

VM Arguments:
jvm_args: -Dfile.encoding=UTF-8 
java_command: hotel.management.system.AddEmployee
Launcher Type: SUN_STANDARD

Environment Variables:
PATH=C:\Program Files\Python310\Scripts\;C:\Program Files\Python310\;G:\oracle\ora92\bin;C:\Program Files (x86)\Oracle\jre\1.3.1\bin;C:\Program Files (x86)\Oracle\jre\1.1.8\bin;c:\oracle\ora92\bin;C:\Windows\system32;C:\Windows;C:\Windows\System32\Wbem;C:\Windows\System32\WindowsPowerShell\v1.0\;C:\Windows\System32\OpenSSH\;C:\Program Files (x86)\MySQL\MySQL Fabric 1.5.4 & MySQL Utilities 1.5.4 1.5\;C:\Program Files (x86)\MySQL\MySQL Fabric 1.5.4 & MySQL Utilities 1.5.4 1.5\Doctrine extensions for PHP\;C:\Users\HP\AppData\Local\Microsoft\WindowsApps;;C:\Program Files\JetBrains\PyCharm Community Edition 2021.3.2\bin;
USERNAME=HP
OS=Windows_NT
PROCESSOR_IDENTIFIER=Intel64 Family 6 Model 142 Stepping 10, GenuineIntel



---------------  S Y S T E M  ---------------

OS: Windows 8.1 , 64 bit Build 9600 

CPU:total 8 (4 cores per cpu, 2 threads per core) family 6 model 142 stepping 10, cmov, cx8, fxsr, mmx, sse, sse2, sse3, ssse3, sse4.1, sse4.2, popcnt, avx, avx2, aes, erms, ht, tsc, tscinvbit

Memory: 4k page, physical 4077796k(422716k free), swap 16660708k(4956k free)

vm_info: Java HotSpot(TM) 64-Bit Server VM (24.80-b11) for windows-amd64 JRE (1.7.0_80-b15), built on Apr 10 2015 11:26:34 by "java_re" with unknown MS VC++:1600

time: Fri Mar 18 03:08:37 2022
elapsed time: 0 seconds

